#0 building with "default" instance using docker driver

#1 [frontend internal] load build definition from Dockerfile
#1 transferring dockerfile: 1.42kB done
#1 DONE 0.0s

#2 [frontend internal] load metadata for docker.io/library/node:20-alpine
#2 DONE 0.1s

#3 [frontend internal] load metadata for gcr.io/distroless/nodejs20-debian12:latest
#3 DONE 0.2s

#4 [frontend internal] load .dockerignore
#4 transferring context: 118B done
#4 DONE 0.0s

#5 [frontend runner 1/7] FROM gcr.io/distroless/nodejs20-debian12:latest@sha256:643437d5798d82253774d484d21ca75f5a64160061993f8171153f80bdea9f2e
#5 DONE 0.0s

#6 [frontend deps 1/5] FROM docker.io/library/node:20-alpine@sha256:d3507a213936fe4ef54760a186e113db5188472d9efdf491686bd94580a1c1e8
#6 DONE 0.0s

#7 [frontend internal] load build context
#7 transferring context: 10.13kB 0.0s done
#7 DONE 0.0s

#8 [frontend deps 3/5] WORKDIR /app
#8 CACHED

#9 [frontend deps 4/5] COPY package.json yarn.lock* package-lock.json* pnpm-lock.yaml* ./
#9 CACHED

#10 [frontend deps 2/5] RUN apk add --no-cache libc6-compat openssl
#10 CACHED

#11 [frontend builder 2/5] WORKDIR /app
#11 CACHED

#12 [frontend deps 5/5] RUN     if [ -f yarn.lock ]; then yarn --frozen-lockfile;     elif [ -f package-lock.json ]; then npm ci;     elif [ -f pnpm-lock.yaml ]; then npm install -g pnpm && pnpm i;     else echo "Lockfile not found." && exit 1;     fi
#12 CACHED

#13 [frontend builder 3/5] COPY --from=deps /app/node_modules ./node_modules
#13 CACHED

#14 [frontend builder 4/5] COPY . .
#14 CACHED

#15 [frontend builder 5/5] RUN     if [ -f yarn.lock ]; then SKIP_ENV_VALIDATION=1 yarn build;     elif [ -f package-lock.json ]; then SKIP_ENV_VALIDATION=1 npm run build;     elif [ -f pnpm-lock.yaml ]; then npm install -g pnpm && SKIP_ENV_VALIDATION=1 pnpm run build;     else echo "Lockfile not found." && exit 1;     fi
#15 2.230 
#15 2.230 added 1 package in 2s
#15 2.230 
#15 2.230 1 package is looking for funding
#15 2.230   run `npm fund` for details
#15 2.233 npm notice
#15 2.233 npm notice New major version of npm available! 10.8.2 -> 11.4.1
#15 2.233 npm notice Changelog: https://github.com/npm/cli/releases/tag/v11.4.1
#15 2.233 npm notice To update run: npm install -g npm@11.4.1
#15 2.233 npm notice
#15 5.466 
#15 5.466 > deer-flow-web@0.1.0 build /app
#15 5.466 > next build
#15 5.466 
#15 6.661    ▲ Next.js 15.3.0
#15 6.662    - Environments: .env.local
#15 6.662 
#15 6.687    Creating an optimized production build ...
#15 72.15  ✓ Compiled successfully in 64s
#15 72.16    Linting and checking validity of types ...
#15 CANCELED
canceled
