Backend Fix Complete Log
========================
Test Time: 2025-06-17 13:33
Purpose: Document the complete fix for backend issues

Issues Fixed:
1. Import errors in project_routes.py:
   - Changed ChatSessionSummary to ChatSessionResponse 
   - Defined DocumentResponse model inline since document_routes module doesn't exist
   - Updated document field mappings to match actual Document model

2. Docker configuration issues:
   - Added port mapping for frontend (3000:3000) in docker-compose.dev.yml
   - Fixed backend container to use correct network (deer-flow_deer-flow-network)
   - Added proper environment variables for database connection
   - Created missing database (deer_flow_db) in MySQL

3. Environment configuration:
   - Added database configuration to .env file:
     DATABASE_USER_NAME=root
     DATABASE_PASSWORD=rootpassword
     DATABASE_HOST=deer-flow-mysql
     DATABASE_PORT=3306
     DATABASE_NAME=deer_flow_db
   - Mounted conf.yaml and src directory to backend container

Current Status:
- Frontend accessible on http://localhost:3000
- Backend running on http://localhost:8000
- MySQL database running and accessible
- All containers on same network and can communicate
- Project detail view endpoints should now work properly

User should now be able to click on projects and see the chats/documents inside them.