[1] Getting recent sessions...

[2] Testing with session:
  Thread ID: 30dxPkyfgvMDiBLqVu8si
  Mode: research
  Messages: 6

[3] Getting session by thread ID...
✓ Got 6 messages

[4] Checking message structure:

Message 1:
  ID: 1a8603fa-02de-42c5-8bc9-71643f5b013c
  Role: user
  Content length: 96
  Has attachments: False
  Has citations: False
  Content preview: Median EV/EBITDA multiple for enterprise software acquisitions over the past five years?
8:30 PM...

Message 2:
  ID: 78de33ed-fd03-4f37-b170-7beb5866ae9c
  Role: assistant
  Content length: 1600
  Has attachments: False
  Has citations: False
  Content is JSON with keys: ['locale', 'has_enough_context', 'thought', 'title', 'steps']

Message 3:
  ID: 6105e991-820a-4aa4-8d8d-2d6f0abdfa0c
  Role: assistant
  Content length: 4384
  Has attachments: False
  Has citations: False
  Content preview: ## Problem Statement

The task is to gather and compile data on median EV/EBITDA multiples specifica...

[5] Checking for system messages:
  Found planner/coordinator message (ID: 78de33ed-fd03-4f37-b170-7beb5866ae9c)

⚠️  Found 1 system messages that might be displayed incorrectly
These JSON messages should be hidden or formatted differently in the UI
