CHAT SESSION FIX - FINAL SOLUTION
=================================
Date: 2025-01-19
Issue: Documents uploaded before first message were not associated with chat sessions

ROOT CAUSE:
1. Frontend generates its own thread IDs using nanoid()
2. Backend expects thread IDs but doesn't require a specific format
3. Documents uploaded before the first message had no session/thread ID
4. When the user sent a message, a different thread ID was used

SOLUTION IMPLEMENTED:
1. Modified EnhancedInputBox to:
   - Track a local thread ID state
   - When uploading documents without a thread ID:
     * Generate a new thread ID using nanoid()
     * Update the Zustand store with this thread ID
     * Use this thread ID for document uploads
   - This ensures the same thread ID is used for both document uploads and messages

2. Backend already handles session creation automatically:
   - get_or_create_chat_session() creates a session if it doesn't exist
   - Works with any thread ID format

HOW IT WORKS NOW:
1. User opens chat (no thread ID yet)
2. User uploads a document
   - Enhanced input box generates a thread ID (e.g., "abc123")
   - Updates the store: threadId = "abc123"
   - Uploads document with session_id = "abc123"
3. User sends a message
   - sendMessage() gets threadId from store = "abc123"
   - Backend creates/finds session with thread_id = "abc123"
   - Documents are found because they have the same session_id

BENEFITS:
- No need to change sidebar behavior
- No need to pre-create sessions
- Works with existing backend logic
- Consistent thread ID throughout the session

FILES MODIFIED:
- /root/deer-flow/web/src/app/chat/components/enhanced-input-box.tsx
  - Added local thread ID state
  - Generate and store thread ID when uploading without one
  - Pass thread ID to document upload API

RESULT:
Documents uploaded before the first message are now properly associated with the chat session and can be found by the RAG system.