#0 building with "default" instance using docker driver

#1 [frontend internal] load build definition from Dockerfile
#1 transferring dockerfile: 1.42kB done
#1 DONE 0.0s

#2 [frontend internal] load metadata for docker.io/library/node:20-alpine
#2 DONE 0.1s

#3 [frontend internal] load metadata for gcr.io/distroless/nodejs20-debian12:latest
#3 DONE 0.2s

#4 [frontend internal] load .dockerignore
#4 transferring context: 118B done
#4 DONE 0.0s

#5 [frontend runner 1/7] FROM gcr.io/distroless/nodejs20-debian12:latest@sha256:643437d5798d82253774d484d21ca75f5a64160061993f8171153f80bdea9f2e
#5 DONE 0.0s

#6 [frontend deps 1/5] FROM docker.io/library/node:20-alpine@sha256:d3507a213936fe4ef54760a186e113db5188472d9efdf491686bd94580a1c1e8
#6 DONE 0.0s

#7 [frontend internal] load build context
#7 transferring context: 10.13kB 0.0s done
#7 DONE 0.0s

#8 [frontend builder 2/5] WORKDIR /app
#8 CACHED

#9 [frontend builder 3/5] COPY --from=deps /app/node_modules ./node_modules
#9 CACHED

#10 [frontend deps 3/5] WORKDIR /app
#10 CACHED

#11 [frontend deps 4/5] COPY package.json yarn.lock* package-lock.json* pnpm-lock.yaml* ./
#11 CACHED

#12 [frontend deps 2/5] RUN apk add --no-cache libc6-compat openssl
#12 CACHED

#13 [frontend deps 5/5] RUN     if [ -f yarn.lock ]; then yarn --frozen-lockfile;     elif [ -f package-lock.json ]; then npm ci;     elif [ -f pnpm-lock.yaml ]; then npm install -g pnpm && pnpm i;     else echo "Lockfile not found." && exit 1;     fi
#13 CACHED

#14 [frontend builder 4/5] COPY . .
#14 CACHED

#15 [frontend builder 5/5] RUN     if [ -f yarn.lock ]; then SKIP_ENV_VALIDATION=1 yarn build;     elif [ -f package-lock.json ]; then SKIP_ENV_VALIDATION=1 npm run build;     elif [ -f pnpm-lock.yaml ]; then npm install -g pnpm && SKIP_ENV_VALIDATION=1 pnpm run build;     else echo "Lockfile not found." && exit 1;     fi
#15 2.206 
#15 2.206 added 1 package in 2s
#15 2.206 
#15 2.206 1 package is looking for funding
#15 2.206   run `npm fund` for details
#15 2.209 npm notice
#15 2.209 npm notice New major version of npm available! 10.8.2 -> 11.4.1
#15 2.209 npm notice Changelog: https://github.com/npm/cli/releases/tag/v11.4.1
#15 2.209 npm notice To update run: npm install -g npm@11.4.1
#15 2.209 npm notice
#15 5.449 
#15 5.449 > deer-flow-web@0.1.0 build /app
#15 5.449 > next build
#15 5.449 
#15 6.590    ▲ Next.js 15.3.0
#15 6.590    - Environments: .env.local
#15 6.590 
#15 6.615    Creating an optimized production build ...
#15 70.72  ✓ Compiled successfully in 63s
#15 70.72    Linting and checking validity of types ...
#15 86.73 
#15 86.73 Failed to compile.
#15 86.73 
#15 86.73 ./src/core/api/pinecone.ts
#15 86.73 64:28  Error: Unexpected any. Specify a different type.  @typescript-eslint/no-explicit-any
#15 86.73 86:30  Error: Unexpected any. Specify a different type.  @typescript-eslint/no-explicit-any
#15 86.73 98:30  Error: Unexpected any. Specify a different type.  @typescript-eslint/no-explicit-any
#15 86.73 
#15 86.73 info  - Need to disable some ESLint rules? Learn more here: https://nextjs.org/docs/app/api-reference/config/eslint#disabling-rules
#15 86.88  ELIFECYCLE  Command failed with exit code 1.
#15 ERROR: process "/bin/sh -c if [ -f yarn.lock ]; then SKIP_ENV_VALIDATION=1 yarn build;     elif [ -f package-lock.json ]; then SKIP_ENV_VALIDATION=1 npm run build;     elif [ -f pnpm-lock.yaml ]; then npm install -g pnpm && SKIP_ENV_VALIDATION=1 pnpm run build;     else echo \"Lockfile not found.\" && exit 1;     fi" did not complete successfully: exit code: 1
------
 > [frontend builder 5/5] RUN     if [ -f yarn.lock ]; then SKIP_ENV_VALIDATION=1 yarn build;     elif [ -f package-lock.json ]; then SKIP_ENV_VALIDATION=1 npm run build;     elif [ -f pnpm-lock.yaml ]; then npm install -g pnpm && SKIP_ENV_VALIDATION=1 pnpm run build;     else echo "Lockfile not found." && exit 1;     fi:
86.73 
86.73 Failed to compile.
86.73 
86.73 ./src/core/api/pinecone.ts
86.73 64:28  Error: Unexpected any. Specify a different type.  @typescript-eslint/no-explicit-any
86.73 86:30  Error: Unexpected any. Specify a different type.  @typescript-eslint/no-explicit-any
86.73 98:30  Error: Unexpected any. Specify a different type.  @typescript-eslint/no-explicit-any
86.73 
86.73 info  - Need to disable some ESLint rules? Learn more here: https://nextjs.org/docs/app/api-reference/config/eslint#disabling-rules
86.88  ELIFECYCLE  Command failed with exit code 1.
------
failed to solve: process "/bin/sh -c if [ -f yarn.lock ]; then SKIP_ENV_VALIDATION=1 yarn build;     elif [ -f package-lock.json ]; then SKIP_ENV_VALIDATION=1 npm run build;     elif [ -f pnpm-lock.yaml ]; then npm install -g pnpm && SKIP_ENV_VALIDATION=1 pnpm run build;     else echo \"Lockfile not found.\" && exit 1;     fi" did not complete successfully: exit code: 1
