SESSION ID FIX - COMPLETE SOLUTION
==================================
Date: 2025-01-19

PROBLEM STATEMENT:
- Documents uploaded before first message had no session ID
- Session ID was undefined when upload happened
- RAG couldn't find documents even after session update

ROOT CAUSES:
1. Thread ID not created until first message sent
2. Enhanced input box didn't have access to thread ID
3. UUID format inconsistencies between components
4. Session creation was deferred, not immediate

FIXES IMPLEMENTED:

1. **Main Chat Page (main.tsx)**:
   - Added automatic session creation when no thread ID exists
   - Updates URL with thread ID immediately
   - Creates session before any user interaction

2. **Enhanced Input Box (enhanced-input-box.tsx)**:
   - Checks store for thread ID before upload
   - Creates new session if no thread ID found
   - Updates URL with new thread ID
   - Passes thread ID to all document uploads

3. **Store (store.ts)**:
   - Modified startNewChat to create backend session immediately
   - Returns thread ID from backend response
   - Handles errors gracefully with fallback

4. **App Sidebar (app-sidebar.tsx)**:
   - Chat button creates session and navigates with thread ID
   - Ensures thread ID in URL from the start

5. **Backend Fixes**:
   - UUID format consistency (always with dashes in Pinecone)
   - Session update also updates Pinecone metadata
   - Search filters handle both UUID formats

FLOW NOW WORKS AS FOLLOWS:

1. User navigates to /chat
   → Main.tsx creates session automatically
   → URL updates to /chat?thread=<uuid>
   → Thread ID stored in Zustand store

2. User uploads document
   → Enhanced input box gets thread ID from store
   → Passes thread ID as session_id in upload
   → Document stored with correct session association

3. User sends message
   → Uses same thread ID from store
   → RAG search finds documents with matching session
   → Returns relevant content with citations

TESTING:
- Check browser console for session creation logs
- Verify URL has thread parameter
- Confirm session_id is passed in upload requests
- Verify RAG finds uploaded documents

STATUS: FIXED
All components now ensure thread ID exists before any operation.